<?xml version="1.0" encoding="UTF-8"?>
<testng-results ignored="0" total="2" passed="2" failed="0" skipped="0">
  <reporter-output>
  </reporter-output>
  <suite started-at="2026-04-30T01:12:41 CDT" name="Surefire suite" finished-at="2026-04-30T01:12:45 CDT" duration-ms="4395">
    <groups>
    </groups>
    <test started-at="2026-04-30T01:12:41 CDT" name="Surefire test" finished-at="2026-04-30T01:12:45 CDT" duration-ms="4395">
      <class name="seleniumjava.Element30Test">
        <test-method is-config="true" signature="setup()[pri:0, instance:seleniumjava.Element30Test@7c469c48]" started-at="2026-04-30T01:12:41 CDT" name="setup" finished-at="2026-04-30T01:12:43 CDT" duration-ms="2132" status="PASS">
          <reporter-output>
          </reporter-output>
        </test-method> <!-- setup -->
        <test-method signature="verifyButtonSelection()[pri:0, instance:seleniumjava.Element30Test@7c469c48]" started-at="2026-04-30T01:12:43 CDT" name="verifyButtonSelection" finished-at="2026-04-30T01:12:43 CDT" duration-ms="393" status="PASS">
          <reporter-output>
          </reporter-output>
        </test-method> <!-- verifyButtonSelection -->
        <test-method is-config="true" signature="tearDown()[pri:0, instance:seleniumjava.Element30Test@7c469c48]" started-at="2026-04-30T01:12:43 CDT" name="tearDown" finished-at="2026-04-30T01:12:44 CDT" duration-ms="171" status="PASS">
          <reporter-output>
          </reporter-output>
        </test-method> <!-- tearDown -->
        <test-method is-config="true" signature="setup()[pri:0, instance:seleniumjava.Element30Test@7c469c48]" started-at="2026-04-30T01:12:44 CDT" name="setup" finished-at="2026-04-30T01:12:45 CDT" duration-ms="1305" status="PASS">
          <reporter-output>
          </reporter-output>
        </test-method> <!-- setup -->
        <test-method signature="verifyElements()[pri:0, instance:seleniumjava.Element30Test@7c469c48]" started-at="2026-04-30T01:12:45 CDT" name="verifyElements" finished-at="2026-04-30T01:12:45 CDT" duration-ms="192" status="PASS">
          <reporter-output>
          </reporter-output>
        </test-method> <!-- verifyElements -->
        <test-method is-config="true" signature="tearDown()[pri:0, instance:seleniumjava.Element30Test@7c469c48]" started-at="2026-04-30T01:12:45 CDT" name="tearDown" finished-at="2026-04-30T01:12:45 CDT" duration-ms="164" status="PASS">
          <reporter-output>
          </reporter-output>
        </test-method> <!-- tearDown -->
      </class> <!-- seleniumjava.Element30Test -->
    </test> <!-- Surefire test -->
  </suite> <!-- Surefire suite -->
</testng-results>
