<?xml version="1.0" encoding="UTF-8"?>
<testng-results ignored="0" total="1" passed="1" failed="0" skipped="0">
  <reporter-output>
  </reporter-output>
  <suite started-at="2026-04-29T17:02:45 CDT" name="Default suite" finished-at="2026-04-29T17:02:54 CDT" duration-ms="8519">
    <groups>
    </groups>
    <test started-at="2026-04-29T17:02:45 CDT" name="Default test" finished-at="2026-04-29T17:02:54 CDT" duration-ms="8519">
      <class name="seleniumjava.Element30Test">
        <test-method is-config="true" signature="setup()[pri:0, instance:seleniumjava.Element30Test@639c2c1d]" started-at="2026-04-29T17:02:45 CDT" name="setup" finished-at="2026-04-29T17:02:48 CDT" duration-ms="2550" status="PASS">
          <reporter-output>
          </reporter-output>
        </test-method> <!-- setup -->
        <test-method signature="verifyButtonSelection()[pri:0, instance:seleniumjava.Element30Test@639c2c1d]" started-at="2026-04-29T17:02:48 CDT" name="verifyButtonSelection" finished-at="2026-04-29T17:02:54 CDT" duration-ms="5734" status="PASS">
          <reporter-output>
          </reporter-output>
        </test-method> <!-- verifyButtonSelection -->
        <test-method is-config="true" signature="tearDown()[pri:0, instance:seleniumjava.Element30Test@639c2c1d]" started-at="2026-04-29T17:02:54 CDT" name="tearDown" finished-at="2026-04-29T17:02:54 CDT" duration-ms="167" status="PASS">
          <reporter-output>
          </reporter-output>
        </test-method> <!-- tearDown -->
      </class> <!-- seleniumjava.Element30Test -->
    </test> <!-- Default test -->
  </suite> <!-- Default suite -->
</testng-results>
